#
# There is insufficient memory for the Java Runtime Environment to continue.
# Native memory allocation (mmap) failed to map 560463872 bytes for committing reserved memory.
# Possible reasons:
#   The system is out of physical RAM or swap space
#   The process is running with CompressedOops enabled, and the Java Heap may be blocking the growth of the native heap
# Possible solutions:
#   Reduce memory load on the system
#   Increase physical memory or swap space
#   Check if swap backing store is full
#   Decrease Java heap size (-Xmx/-Xms)
#   Decrease number of Java threads
#   Decrease Java thread stack sizes (-Xss)
#   Set larger code cache with -XX:ReservedCodeCacheSize=
#   JVM is running with Zero Based Compressed Oops mode in which the Java heap is
#     placed in the first 32GB address space. The Java Heap base address is the
#     maximum limit for the native heap growth. Please use -XX:HeapBaseMinAddress
#     to set the Java Heap base and to place the Java Heap above 32GB virtual address.
# This output file may be truncated or incomplete.
#
#  Out of Memory Error (os_linux.cpp:2757), pid=2350, tid=0x00007ffbb34f4700
#
# JRE version: OpenJDK Runtime Environment (8.0_222-b10) (build 1.8.0_222-8u222-b10-1ubuntu1~18.04.1-b10)
# Java VM: OpenJDK 64-Bit Server VM (25.222-b10 mixed mode linux-amd64 compressed oops)
# Failed to write core dump. Core dumps have been disabled. To enable core dumping, try "ulimit -c unlimited" before starting Java again
#

---------------  T H R E A D  ---------------

Current thread (0x00007ffbec07f800):  VMThread [stack: 0x00007ffbb33f5000,0x00007ffbb34f5000] [id=2360]

Stack: [0x00007ffbb33f5000,0x00007ffbb34f5000],  sp=0x00007ffbb34f34a0,  free space=1017k
Native frames: (J=compiled Java code, j=interpreted, Vv=VM code, C=native code)
V  [libjvm.so+0xab8992]
V  [libjvm.so+0x4dbfd7]
V  [libjvm.so+0x8f33a0]
V  [libjvm.so+0x8ea46e]
V  [libjvm.so+0x96e106]
V  [libjvm.so+0x96f478]
V  [libjvm.so+0x96ba76]
V  [libjvm.so+0x96be0c]
V  [libjvm.so+0x91a5a8]
V  [libjvm.so+0xaba662]
V  [libjvm.so+0xabf1d6]
V  [libjvm.so+0xabd4d5]
V  [libjvm.so+0xabddad]
V  [libjvm.so+0xabe1b8]
V  [libjvm.so+0x8f0732]

VM_Operation (0x00007ffbf3f5b1b0): ParallelGCFailedAllocation, mode: safepoint, requested by thread 0x00007ffbec011800


---------------  P R O C E S S  ---------------

Java Threads: ( => current thread )
  0x00007ffbec0c8800 JavaThread "Service Thread" daemon [_thread_blocked, id=2368, stack(0x00007ffbb21a6000,0x00007ffbb22a7000)]
  0x00007ffbec0c5800 JavaThread "C1 CompilerThread2" daemon [_thread_blocked, id=2367, stack(0x00007ffbb22a8000,0x00007ffbb23a8000)]
  0x00007ffbec0c4000 JavaThread "C2 CompilerThread1" daemon [_thread_blocked, id=2366, stack(0x00007ffbb23a9000,0x00007ffbb24a9000)]
  0x00007ffbec0c1000 JavaThread "C2 CompilerThread0" daemon [_thread_blocked, id=2365, stack(0x00007ffbb24aa000,0x00007ffbb25aa000)]
  0x00007ffbec0bf000 JavaThread "Signal Dispatcher" daemon [_thread_blocked, id=2364, stack(0x00007ffbb25aa000,0x00007ffbb26ab000)]
  0x00007ffbec08b800 JavaThread "Finalizer" daemon [_thread_blocked, id=2363, stack(0x00007ffbb31f2000,0x00007ffbb32f3000)]
  0x00007ffbec089000 JavaThread "Reference Handler" daemon [_thread_blocked, id=2361, stack(0x00007ffbb32f3000,0x00007ffbb33f4000)]
  0x00007ffbec011800 JavaThread "main" [_thread_blocked, id=2351, stack(0x00007ffbf3e5d000,0x00007ffbf3f5d000)]

Other Threads:
=>0x00007ffbec07f800 VMThread [stack: 0x00007ffbb33f5000,0x00007ffbb34f5000] [id=2360]
  0x00007ffbec0cb000 WatcherThread [stack: 0x00007ffbb20a6000,0x00007ffbb21a6000] [id=2369]

VM state:at safepoint (normal execution)

VM Mutex/Monitor currently owned by a thread:  ([mutex/lock_event])
[0x00007ffbec00e390] Threads_lock - owner thread: 0x00007ffbec07f800
[0x00007ffbec00e890] Heap_lock - owner thread: 0x00007ffbec011800

heap address: 0x00000004c0000000, size: 12288 MB, Compressed Oops mode: Zero based, Oop shift amount: 3
Narrow klass base: 0x0000000000000000, Narrow klass shift: 3
Compressed class space size: 1073741824 Address: 0x00000007c0000000

Heap:
 PSYoungGen      total 3018752K, used 495601K [0x00000006c0000000, 0x0000000796800000, 0x00000007c0000000)
  eden space 2523136K, 0% used [0x00000006c0000000,0x00000006c0000000,0x000000075a000000)
  from space 495616K, 99% used [0x000000075a000000,0x00000007783fc700,0x0000000778400000)
  to   space 433664K, 0% used [0x000000077c080000,0x000000077c080000,0x0000000796800000)
 ParOldGen       total 1720832K, used 1079702K [0x00000004c0000000, 0x0000000529080000, 0x00000006c0000000)
  object space 1720832K, 62% used [0x00000004c0000000,0x0000000501e65830,0x0000000529080000)
 Metaspace       used 7423K, capacity 7614K, committed 7808K, reserved 1056768K
  class space    used 722K, capacity 771K, committed 896K, reserved 1048576K

Card table byte_map: [0x00007ffbdb7ff000,0x00007ffbdd000000] byte_map_base: 0x00007ffbd91ff000

Marking Bits: (ParMarkBitMap*) 0x00007ffbf30f3360
 Begin Bits: [0x00007ffbc26fe000, 0x00007ffbce6fe000)
 End Bits:   [0x00007ffbce6fe000, 0x00007ffbda6fe000)

Polling page: 0x00007ffbf3f74000

CodeCache: size=245760Kb used=6020Kb max_used=6035Kb free=239739Kb
 bounds [0x00007ffbdd000000, 0x00007ffbdd600000, 0x00007ffbec000000]
 total_blobs=1529 nmethods=1215 adapters=229
 compilation: enabled

Compilation events (10 events):
Event: 280,715 Thread 0x00007ffbec0c1000 1299   !   4       sun.nio.cs.StreamDecoder::read (196 bytes)
Event: 280,719 Thread 0x00007ffbec0c4000 1300       4       sun.nio.cs.StreamDecoder::implRead (243 bytes)
Event: 280,728 Thread 0x00007ffbec0c1000 nmethod 1299 0x00007ffbdd58f150 code [0x00007ffbdd58f420, 0x00007ffbdd5905d8]
Event: 280,730 Thread 0x00007ffbec0c4000 nmethod 1300 0x00007ffbdd58ce10 code [0x00007ffbdd58d0c0, 0x00007ffbdd58dd38]
Event: 282,334 Thread 0x00007ffbec0c5800 1301   !   3       sun.misc.FloatingDecimal::readJavaFormatString (794 bytes)
Event: 282,338 Thread 0x00007ffbec0c5800 nmethod 1301 0x00007ffbdd5c44d0 code [0x00007ffbdd5c4aa0, 0x00007ffbdd5c8978]
Event: 282,338 Thread 0x00007ffbec0c1000 1302   !   4       sun.misc.FloatingDecimal::readJavaFormatString (794 bytes)
Event: 282,357 Thread 0x00007ffbec0c1000 nmethod 1302 0x00007ffbdd58a910 code [0x00007ffbdd58ab00, 0x00007ffbdd58bf38]
Event: 283,075 Thread 0x00007ffbec0c5800 1303       1       java.util.zip.ZStreamRef::address (5 bytes)
Event: 283,076 Thread 0x00007ffbec0c5800 nmethod 1303 0x00007ffbdd1abbd0 code [0x00007ffbdd1abd20, 0x00007ffbdd1abe30]

GC Heap History (10 events):
Event: 128,877 GC heap after
Heap after GC invocations=20 (full 3):
 PSYoungGen      total 2443776K, used 158944K [0x00000006c0000000, 0x0000000779080000, 0x00000007c0000000)
  eden space 2213376K, 0% used [0x00000006c0000000,0x00000006c0000000,0x0000000747180000)
  from space 230400K, 68% used [0x0000000747180000,0x0000000750cb8000,0x0000000755280000)
  to   space 243200K, 0% used [0x000000076a300000,0x000000076a300000,0x0000000779080000)
 ParOldGen       total 931840K, used 519693K [0x00000004c0000000, 0x00000004f8e00000, 0x00000006c0000000)
  object space 931840K, 55% used [0x00000004c0000000,0x00000004dfb836f0,0x00000004f8e00000)
 Metaspace       used 7323K, capacity 7486K, committed 7808K, reserved 1056768K
  class space    used 712K, capacity 771K, committed 896K, reserved 1048576K
}
Event: 145,173 GC heap before
{Heap before GC invocations=21 (full 3):
 PSYoungGen      total 2443776K, used 2372320K [0x00000006c0000000, 0x0000000779080000, 0x00000007c0000000)
  eden space 2213376K, 100% used [0x00000006c0000000,0x0000000747180000,0x0000000747180000)
  from space 230400K, 68% used [0x0000000747180000,0x0000000750cb8000,0x0000000755280000)
  to   space 243200K, 0% used [0x000000076a300000,0x000000076a300000,0x0000000779080000)
 ParOldGen       total 931840K, used 519693K [0x00000004c0000000, 0x00000004f8e00000, 0x00000006c0000000)
  object space 931840K, 55% used [0x00000004c0000000,0x00000004dfb836f0,0x00000004f8e00000)
 Metaspace       used 7396K, capacity 7550K, committed 7808K, reserved 1056768K
  class space    used 719K, capacity 771K, committed 896K, reserved 1048576K
Event: 145,663 GC heap after
Heap after GC invocations=21 (full 3):
 PSYoungGen      total 2521088K, used 243189K [0x00000006c0000000, 0x000000079a380000, 0x00000007c0000000)
  eden space 2277888K, 0% used [0x00000006c0000000,0x00000006c0000000,0x000000074b080000)
  from space 243200K, 99% used [0x000000076a300000,0x000000077907d4a8,0x0000000779080000)
  to   space 510464K, 0% used [0x000000074b080000,0x000000074b080000,0x000000076a300000)
 ParOldGen       total 1343488K, used 1133500K [0x00000004c0000000, 0x0000000512000000, 0x00000006c0000000)
  object space 1343488K, 84% used [0x00000004c0000000,0x00000005052ef0e0,0x0000000512000000)
 Metaspace       used 7396K, capacity 7550K, committed 7808K, reserved 1056768K
  class space    used 719K, capacity 771K, committed 896K, reserved 1048576K
}
Event: 145,663 GC heap before
{Heap before GC invocations=22 (full 4):
 PSYoungGen      total 2521088K, used 243189K [0x00000006c0000000, 0x000000079a380000, 0x00000007c0000000)
  eden space 2277888K, 0% used [0x00000006c0000000,0x00000006c0000000,0x000000074b080000)
  from space 243200K, 99% used [0x000000076a300000,0x000000077907d4a8,0x0000000779080000)
  to   space 510464K, 0% used [0x000000074b080000,0x000000074b080000,0x000000076a300000)
 ParOldGen       total 1343488K, used 1133500K [0x00000004c0000000, 0x0000000512000000, 0x00000006c0000000)
  object space 1343488K, 84% used [0x00000004c0000000,0x00000005052ef0e0,0x0000000512000000)
 Metaspace       used 7396K, capacity 7550K, committed 7808K, reserved 1056768K
  class space    used 719K, capacity 771K, committed 896K, reserved 1048576K
Event: 148,668 GC heap after
Heap after GC invocations=22 (full 4):
 PSYoungGen      total 2521088K, used 0K [0x00000006c0000000, 0x000000079a380000, 0x00000007c0000000)
  eden space 2277888K, 0% used [0x00000006c0000000,0x00000006c0000000,0x000000074b080000)
  from space 243200K, 0% used [0x000000076a300000,0x000000076a300000,0x0000000779080000)
  to   space 510464K, 0% used [0x000000074b080000,0x000000074b080000,0x000000076a300000)
 ParOldGen       total 1720832K, used 1036920K [0x00000004c0000000, 0x0000000529080000, 0x00000006c0000000)
  object space 1720832K, 60% used [0x00000004c0000000,0x00000004ff49e2e8,0x0000000529080000)
 Metaspace       used 7396K, capacity 7550K, committed 7808K, reserved 1056768K
  class space    used 719K, capacity 771K, committed 896K, reserved 1048576K
}
Event: 201,621 GC heap before
{Heap before GC invocations=23 (full 4):
 PSYoungGen      total 2521088K, used 2277888K [0x00000006c0000000, 0x000000079a380000, 0x00000007c0000000)
  eden space 2277888K, 100% used [0x00000006c0000000,0x000000074b080000,0x000000074b080000)
  from space 243200K, 0% used [0x000000076a300000,0x000000076a300000,0x0000000779080000)
  to   space 510464K, 0% used [0x000000074b080000,0x000000074b080000,0x000000076a300000)
 ParOldGen       total 1720832K, used 1036920K [0x00000004c0000000, 0x0000000529080000, 0x00000006c0000000)
  object space 1720832K, 60% used [0x00000004c0000000,0x00000004ff49e2e8,0x0000000529080000)
 Metaspace       used 7397K, capacity 7550K, committed 7808K, reserved 1056768K
  class space    used 719K, capacity 771K, committed 896K, reserved 1048576K
Event: 201,648 GC heap after
Heap after GC invocations=23 (full 4):
 PSYoungGen      total 2788352K, used 1984K [0x00000006c0000000, 0x000000079ad80000, 0x00000007c0000000)
  eden space 2277888K, 0% used [0x00000006c0000000,0x00000006c0000000,0x000000074b080000)
  from space 510464K, 0% used [0x000000074b080000,0x000000074b270000,0x000000076a300000)
  to   space 504832K, 0% used [0x000000077c080000,0x000000077c080000,0x000000079ad80000)
 ParOldGen       total 1720832K, used 1036920K [0x00000004c0000000, 0x0000000529080000, 0x00000006c0000000)
  object space 1720832K, 60% used [0x00000004c0000000,0x00000004ff49e2e8,0x0000000529080000)
 Metaspace       used 7397K, capacity 7550K, committed 7808K, reserved 1056768K
  class space    used 719K, capacity 771K, committed 896K, reserved 1048576K
}
Event: 255,376 GC heap before
{Heap before GC invocations=24 (full 4):
 PSYoungGen      total 2788352K, used 2279872K [0x00000006c0000000, 0x000000079ad80000, 0x00000007c0000000)
  eden space 2277888K, 100% used [0x00000006c0000000,0x000000074b080000,0x000000074b080000)
  from space 510464K, 0% used [0x000000074b080000,0x000000074b270000,0x000000076a300000)
  to   space 504832K, 0% used [0x000000077c080000,0x000000077c080000,0x000000079ad80000)
 ParOldGen       total 1720832K, used 1036920K [0x00000004c0000000, 0x0000000529080000, 0x00000006c0000000)
  object space 1720832K, 60% used [0x00000004c0000000,0x00000004ff49e2e8,0x0000000529080000)
 Metaspace       used 7397K, capacity 7550K, committed 7808K, reserved 1056768K
  class space    used 719K, capacity 771K, committed 896K, reserved 1048576K
Event: 255,406 GC heap after
Heap after GC invocations=24 (full 4):
 PSYoungGen      total 2956800K, used 1248K [0x00000006c0000000, 0x0000000796800000, 0x00000007c0000000)
  eden space 2523136K, 0% used [0x00000006c0000000,0x00000006c0000000,0x000000075a000000)
  from space 433664K, 0% used [0x000000077c080000,0x000000077c1b8000,0x0000000796800000)
  to   space 495616K, 0% used [0x000000075a000000,0x000000075a000000,0x0000000778400000)
 ParOldGen       total 1720832K, used 1036928K [0x00000004c0000000, 0x0000000529080000, 0x00000006c0000000)
  object space 1720832K, 60% used [0x00000004c0000000,0x00000004ff4a02e8,0x0000000529080000)
 Metaspace       used 7397K, capacity 7550K, committed 7808K, reserved 1056768K
  class space    used 719K, capacity 771K, committed 896K, reserved 1048576K
}
Event: 284,084 GC heap before
{Heap before GC invocations=25 (full 4):
 PSYoungGen      total 2956800K, used 2524384K [0x00000006c0000000, 0x0000000796800000, 0x00000007c0000000)
  eden space 2523136K, 100% used [0x00000006c0000000,0x000000075a000000,0x000000075a000000)
  from space 433664K, 0% used [0x000000077c080000,0x000000077c1b8000,0x0000000796800000)
  to   space 495616K, 0% used [0x000000075a000000,0x000000075a000000,0x0000000778400000)
 ParOldGen       total 1720832K, used 1036928K [0x00000004c0000000, 0x0000000529080000, 0x00000006c0000000)
  object space 1720832K, 60% used [0x00000004c0000000,0x00000004ff4a02e8,0x0000000529080000)
 Metaspace       used 7423K, capacity 7614K, committed 7808K, reserved 1056768K
  class space    used 722K, capacity 771K, committed 896K, reserved 1048576K

Deoptimization events (10 events):
Event: 271,979 Thread 0x00007ffbec011800 Uncommon trap: reason=unstable_if action=reinterpret pc=0x00007ffbdd134a34 method=org.sqlite.RS.next()Z @ 18
Event: 271,979 Thread 0x00007ffbec011800 Uncommon trap: reason=unstable_if action=reinterpret pc=0x00007ffbdd1db504 method=gnu.trove.impl.hash.TLongHash.insertionIndex(J)I @ 58
Event: 271,979 Thread 0x00007ffbec011800 Uncommon trap: reason=unstable_if action=reinterpret pc=0x00007ffbdd3492a0 method=gnu.trove.impl.hash.TLongHash.insertionIndex(J)I @ 58
Event: 276,391 Thread 0x00007ffbec011800 Uncommon trap: reason=unstable_if action=reinterpret pc=0x00007ffbdd1d9158 method=org.sqlite.RS.next()Z @ 4
Event: 276,395 Thread 0x00007ffbec011800 Uncommon trap: reason=unstable_if action=reinterpret pc=0x00007ffbdd295bb8 method=org.kxml2.io.KXmlParser.nextImpl()V @ 203
Event: 276,395 Thread 0x00007ffbec011800 Uncommon trap: reason=unstable_if action=reinterpret pc=0x00007ffbdd4bd130 method=net.osmand.osm.io.OsmBaseStorage.startElement(Lorg/xmlpull/v1/XmlPullParser;Ljava/lang/String;)V @ 4
Event: 276,396 Thread 0x00007ffbec011800 Uncommon trap: reason=unstable_if action=reinterpret pc=0x00007ffbdd4a9620 method=java.lang.Long.valueOf(J)Ljava/lang/Long; @ 13
Event: 276,396 Thread 0x00007ffbec011800 Uncommon trap: reason=unstable_if action=reinterpret pc=0x00007ffbdd4ae734 method=java.lang.Long.valueOf(J)Ljava/lang/Long; @ 13
Event: 276,397 Thread 0x00007ffbec011800 Uncommon trap: reason=unstable_if action=reinterpret pc=0x00007ffbdd499f7c method=java.lang.Long.valueOf(J)Ljava/lang/Long; @ 13
Event: 282,334 Thread 0x00007ffbec011800 Uncommon trap: reason=unstable_if action=reinterpret pc=0x00007ffbdd3f5328 method=sun.misc.FloatingDecimal.readJavaFormatString(Ljava/lang/String;)Lsun/misc/FloatingDecimal$ASCIIToBinaryConverter; @ 445

Classes redefined (0 events):
No events

Internal exceptions (10 events):
Event: 0,130 Thread 0x00007ffbec011800 Exception <a 'java/security/PrivilegedActionException'> (0x00000006c0344aa8) thrown at [/build/openjdk-8-OqY7zN/openjdk-8-8u222-b10/src/hotspot/src/share/vm/prims/jvm.cpp, line 1502]
Event: 0,130 Thread 0x00007ffbec011800 Exception <a 'java/security/PrivilegedActionException'> (0x00000006c0344cb8) thrown at [/build/openjdk-8-OqY7zN/openjdk-8-8u222-b10/src/hotspot/src/share/vm/prims/jvm.cpp, line 1502]
Event: 0,157 Thread 0x00007ffbec011800 Exception <a 'java/lang/NoClassDefFoundError': org/apache/log4j/Priority> (0x00000006c0485ef8) thrown at [/build/openjdk-8-OqY7zN/openjdk-8-8u222-b10/src/hotspot/src/share/vm/classfile/systemDictionary.cpp, line 199]
Event: 0,782 Thread 0x00007ffbec011800 Implicit null exception at 0x00007ffbdd1da634 to 0x00007ffbdd1da661
Event: 0,782 Thread 0x00007ffbec011800 Implicit null exception at 0x00007ffbdd1ce5a6 to 0x00007ffbdd1ce5e9
Event: 0,955 Thread 0x00007ffbec011800 Implicit null exception at 0x00007ffbdd1d5059 to 0x00007ffbdd1d5099
Event: 1,315 Thread 0x00007ffbec011800 Implicit null exception at 0x00007ffbdd1f43f4 to 0x00007ffbdd1f481d
Event: 1,389 Thread 0x00007ffbec011800 Exception <a 'java/lang/NoSuchFieldError': method resolution failed> (0x00000006c28cfc58) thrown at [/build/openjdk-8-OqY7zN/openjdk-8-8u222-b10/src/hotspot/src/share/vm/prims/methodHandles.cpp, line 1167]
Event: 1,391 Thread 0x00007ffbec011800 Exception <a 'java/lang/NoSuchFieldError': method resolution failed> (0x00000006c28dd398) thrown at [/build/openjdk-8-OqY7zN/openjdk-8-8u222-b10/src/hotspot/src/share/vm/prims/methodHandles.cpp, line 1167]
Event: 142,394 Thread 0x00007ffbec011800 Implicit null exception at 0x00007ffbdd500cd1 to 0x00007ffbdd507e91

Events (10 events):
Event: 276,397 Thread 0x00007ffbec011800 DEOPT PACKING pc=0x00007ffbdd499f7c sp=0x00007ffbf3f5b2c0
Event: 276,397 Thread 0x00007ffbec011800 DEOPT UNPACKING pc=0x00007ffbdd04547a sp=0x00007ffbf3f5b280 mode 2
Event: 277,434 Executing VM operation: RevokeBias
Event: 277,435 Executing VM operation: RevokeBias done
Event: 277,435 Thread 0x00007ffbec011800 DEOPT PACKING pc=0x00007ffbdd360fdc sp=0x00007ffbf3f5b590
Event: 277,436 Thread 0x00007ffbec011800 DEOPT UNPACKING pc=0x00007ffbdd0474c4 sp=0x00007ffbf3f5b300 mode 0
Event: 282,333 Thread 0x00007ffbec011800 Uncommon trap: trap_request=0xffffff65 fr.pc=0x00007ffbdd3f5328
Event: 282,334 Thread 0x00007ffbec011800 DEOPT PACKING pc=0x00007ffbdd3f5328 sp=0x00007ffbf3f5b400
Event: 282,334 Thread 0x00007ffbec011800 DEOPT UNPACKING pc=0x00007ffbdd04547a sp=0x00007ffbf3f5b368 mode 2
Event: 284,083 Executing VM operation: ParallelGCFailedAllocation


Dynamic libraries:
4c0000000-529080000 rw-p 00000000 00:00 0 
529080000-6c0000000 ---p 00000000 00:00 0 
6c0000000-796800000 rw-p 00000000 00:00 0 
7b7e80000-7c0000000 ---p 00000000 00:00 0 
7c0000000-7c00e0000 rw-p 00000000 00:00 0 
7c00e0000-800000000 ---p 00000000 00:00 0 
55fa4f73e000-55fa4f73f000 r-xp 00000000 08:02 29631921                   /usr/lib/jvm/java-8-openjdk-amd64/jre/bin/java
55fa4f93e000-55fa4f93f000 r--p 00000000 08:02 29631921                   /usr/lib/jvm/java-8-openjdk-amd64/jre/bin/java
55fa4f93f000-55fa4f940000 rw-p 00001000 08:02 29631921                   /usr/lib/jvm/java-8-openjdk-amd64/jre/bin/java
55fa50f0e000-55fa50f2f000 rw-p 00000000 00:00 0                          [heap]
7ff8c4000000-7ff8c635d000 rw-p 00000000 00:00 0 
7ff8c635d000-7ff8c8000000 ---p 00000000 00:00 0 
7ff8cc000000-7ff8cffff000 rw-p 00000000 00:00 0 
7ff8cffff000-7ff8d0000000 ---p 00000000 00:00 0 
7ff8d3fff000-7ff8dc000000 rw-p 00000000 00:00 0 
7ff8dc000000-7ff8e4000000 rw-p 00000000 00:00 0 
7ff8e4000000-7ff8ebfff000 rw-p 00000000 00:00 0 
7ff8ebfff000-7ff8ec000000 ---p 00000000 00:00 0 
7ff8ec000000-7ff8f3fff000 rw-p 00000000 00:00 0 
7ff8f3fff000-7ff8f4000000 ---p 00000000 00:00 0 
7ff8f4000000-7ff8fc000000 rw-p 00000000 00:00 0 
7ff8fc000000-7ff904000000 rw-p 00000000 00:00 0 
7ff904000000-7ff90c000000 rw-p 00000000 00:00 0 
7ff90c000000-7ff914000000 rw-p 00000000 00:00 0 
7ff914000000-7ff91c000000 rw-p 00000000 00:00 0 
7ff91c000000-7ff91ffff000 rw-p 00000000 00:00 0 
7ff91ffff000-7ff920000000 ---p 00000000 00:00 0 
7ff920000000-7ff924000000 rw-p 00000000 00:00 0 
7ff924000000-7ff92c000000 rw-p 00000000 00:00 0 
7ff92c000000-7ff92ffff000 rw-p 00000000 00:00 0 
7ff92ffff000-7ff930000000 ---p 00000000 00:00 0 
7ff930000000-7ff934000000 rw-p 00000000 00:00 0 
7ff934000000-7ff93c000000 rw-p 00000000 00:00 0 
7ff93c000000-7ff944000000 rw-p 00000000 00:00 0 
7ff944000000-7ff94c000000 rw-p 00000000 00:00 0 
7ff94c000000-7ff954000000 rw-p 00000000 00:00 0 
7ff954000000-7ff957fff000 rw-p 00000000 00:00 0 
7ff957fff000-7ff958000000 ---p 00000000 00:00 0 
7ff958000000-7ff95c000000 rw-p 00000000 00:00 0 
7ff95c000000-7ff964000000 rw-p 00000000 00:00 0 
7ff964000000-7ff96c000000 rw-p 00000000 00:00 0 
7ff96c000000-7ff96ffff000 rw-p 00000000 00:00 0 
7ff96ffff000-7ff970000000 ---p 00000000 00:00 0 
7ff970000000-7ff974000000 rw-p 00000000 00:00 0 
7ff974000000-7ff97c000000 rw-p 00000000 00:00 0 
7ff97c000000-7ff984000000 rw-p 00000000 00:00 0 
7ff984000000-7ff987fff000 rw-p 00000000 00:00 0 
7ff987fff000-7ff988000000 ---p 00000000 00:00 0 
7ff988000000-7ff98bfff000 rw-p 00000000 00:00 0 
7ff98bfff000-7ff98c000000 ---p 00000000 00:00 0 
7ff98c000000-7ff994000000 rw-p 00000000 00:00 0 
7ff994000000-7ff99c000000 rw-p 00000000 00:00 0 
7ff99c000000-7ff99ffff000 rw-p 00000000 00:00 0 
7ff99ffff000-7ff9a0000000 ---p 00000000 00:00 0 
7ff9a0000000-7ff9a4000000 rw-p 00000000 00:00 0 
7ff9a4000000-7ff9ac000000 rw-p 00000000 00:00 0 
7ff9ac000000-7ff9b4000000 rw-p 00000000 00:00 0 
7ff9b4000000-7ff9bc000000 rw-p 00000000 00:00 0 
7ff9bc000000-7ff9c4000000 rw-p 00000000 00:00 0 
7ff9c4000000-7ff9cc000000 rw-p 00000000 00:00 0 
7ff9cc000000-7ff9d3fff000 rw-p 00000000 00:00 0 
7ff9d3fff000-7ff9d4000000 ---p 00000000 00:00 0 
7ff9d4000000-7ff9dbfff000 rw-p 00000000 00:00 0 
7ff9dbfff000-7ff9dc000000 ---p 00000000 00:00 0 
7ff9dc000000-7ff9e4000000 rw-p 00000000 00:00 0 
7ff9e4000000-7ff9ec000000 rw-p 00000000 00:00 0 
7ff9ec000000-7ff9f4000000 rw-p 00000000 00:00 0 
7ff9f4000000-7ff9f7fff000 rw-p 00000000 00:00 0 
7ff9f7fff000-7ff9f8000000 ---p 00000000 00:00 0 
7ff9f8000000-7ff9fc000000 rw-p 00000000 00:00 0 
7ff9fc000000-7ffa04000000 rw-p 00000000 00:00 0 
7ffa04000000-7ffa0c000000 rw-p 00000000 00:00 0 
7ffa0c000000-7ffa14000000 rw-p 00000000 00:00 0 
7ffa14000000-7ffa1c000000 rw-p 00000000 00:00 0 
7ffa1c000000-7ffa23fff000 rw-p 00000000 00:00 0 
7ffa23fff000-7ffa24000000 ---p 00000000 00:00 0 
7ffa24000000-7ffa2c000000 rw-p 00000000 00:00 0 
7ffa2c000000-7ffa2ffff000 rw-p 00000000 00:00 0 
7ffa2ffff000-7ffa30000000 ---p 00000000 00:00 0 
7ffa30000000-7ffa38000000 rw-p 00000000 00:00 0 
7ffa38000000-7ffa3bfff000 rw-p 00000000 00:00 0 
7ffa3bfff000-7ffa3c000000 ---p 00000000 00:00 0 
7ffa3c000000-7ffa40000000 rw-p 00000000 00:00 0 
7ffa40000000-7ffa48000000 rw-p 00000000 00:00 0 
7ffa48000000-7ffa50000000 rw-p 00000000 00:00 0 
7ffa50000000-7ffa53fff000 rw-p 00000000 00:00 0 
7ffa53fff000-7ffa54000000 ---p 00000000 00:00 0 
7ffa54000000-7ffa57fff000 rw-p 00000000 00:00 0 
7ffa57fff000-7ffa58000000 ---p 00000000 00:00 0 
7ffa58000000-7ffa5ffff000 rw-p 00000000 00:00 0 
7ffa5ffff000-7ffa60000000 ---p 00000000 00:00 0 
7ffa60000000-7ffa63fff000 rw-p 00000000 00:00 0 
7ffa63fff000-7ffa64000000 ---p 00000000 00:00 0 
7ffa64000000-7ffa68000000 rw-p 00000000 00:00 0 
7ffa68000000-7ffa70000000 rw-p 00000000 00:00 0 
7ffa70000000-7ffa77fff000 rw-p 00000000 00:00 0 
7ffa77fff000-7ffa78000000 ---p 00000000 00:00 0 
7ffa78000000-7ffa7ffff000 rw-p 00000000 00:00 0 
7ffa7ffff000-7ffa80000000 ---p 00000000 00:00 0 
7ffa80000000-7ffa88000000 rw-p 00000000 00:00 0 
7ffa88000000-7ffa90000000 rw-p 00000000 00:00 0 
7ffa90000000-7ffa97fff000 rw-p 00000000 00:00 0 
7ffa97fff000-7ffa98000000 ---p 00000000 00:00 0 
7ffa98000000-7ffaa0000000 rw-p 00000000 00:00 0 
7ffaa0000000-7ffaa8000000 rw-p 00000000 00:00 0 
7ffaa8000000-7ffab0000000 rw-p 00000000 00:00 0 
7ffab0000000-7ffab8000000 rw-p 00000000 00:00 0 
7ffab8000000-7ffac0000000 rw-p 00000000 00:00 0 
7ffac0000000-7ffac8000000 rw-p 00000000 00:00 0 
7ffac8000000-7ffad0000000 rw-p 00000000 00:00 0 
7ffad0000000-7ffad7fff000 rw-p 00000000 00:00 0 
7ffad7fff000-7ffad8000000 ---p 00000000 00:00 0 
7ffad8000000-7ffae0000000 rw-p 00000000 00:00 0 
7ffae0000000-7ffae8000000 rw-p 00000000 00:00 0 
7ffae8000000-7ffaf0000000 rw-p 00000000 00:00 0 
7ffaf0000000-7ffaf7fff000 rw-p 00000000 00:00 0 
7ffaf7fff000-7ffaf8000000 ---p 00000000 00:00 0 
7ffaf8000000-7ffb00000000 rw-p 00000000 00:00 0 
7ffb00000000-7ffb08000000 rw-p 00000000 00:00 0 
7ffb08000000-7ffb10000000 rw-p 00000000 00:00 0 
7ffb10000000-7ffb18000000 rw-p 00000000 00:00 0 
7ffb18000000-7ffb20000000 rw-p 00000000 00:00 0 
7ffb20000000-7ffb23fff000 rw-p 00000000 00:00 0 
7ffb23fff000-7ffb24000000 ---p 00000000 00:00 0 
7ffb24000000-7ffb28000000 rw-p 00000000 00:00 0 
7ffb28000000-7ffb2c000000 rw-p 00000000 00:00 0 
7ffb2c000000-7ffb30000000 rw-p 00000000 00:00 0 
7ffb34000000-7ffb37fff000 rw-p 00000000 00:00 0 
7ffb37fff000-7ffb38000000 ---p 00000000 00:00 0 
7ffb38000000-7ffb3bfff000 rw-p 00000000 00:00 0 
7ffb3bfff000-7ffb3c000000 ---p 00000000 00:00 0 
7ffb3c000000-7ffb44000000 rw-p 00000000 00:00 0 
7ffb44000000-7ffb47fff000 rw-p 00000000 00:00 0 
7ffb47fff000-7ffb48000000 ---p 00000000 00:00 0 
7ffb48000000-7ffb4bfff000 rw-p 00000000 00:00 0 
7ffb4bfff000-7ffb4c000000 ---p 00000000 00:00 0 
7ffb4c000000-7ffb53fff000 rw-p 00000000 00:00 0 
7ffb53fff000-7ffb54000000 ---p 00000000 00:00 0 
7ffb54000000-7ffb5c000000 rw-p 00000000 00:00 0 
7ffb5c000000-7ffb63fff000 rw-p 00000000 00:00 0 
7ffb63fff000-7ffb64000000 ---p 00000000 00:00 0 
7ffb64000000-7ffb6c000000 rw-p 00000000 00:00 0 
7ffb6c000000-7ffb73fff000 rw-p 00000000 00:00 0 
7ffb73fff000-7ffb74000000 ---p 00000000 00:00 0 
7ffb74000000-7ffb7c000000 rw-p 00000000 00:00 0 
7ffb7c000000-7ffb7ffff000 rw-p 00000000 00:00 0 
7ffb7ffff000-7ffb80000000 ---p 00000000 00:00 0 
7ffb80000000-7ffb84000000 rw-p 00000000 00:00 0 
7ffb84000000-7ffb84021000 rw-p 00000000 00:00 0 
7ffb84021000-7ffb88000000 ---p 00000000 00:00 0 
7ffb88000000-7ffb88021000 rw-p 00000000 00:00 0 
7ffb88021000-7ffb8c000000 ---p 00000000 00:00 0 
7ffb8c000000-7ffb8c3c7000 rw-p 00000000 00:00 0 
7ffb8c3c7000-7ffb90000000 ---p 00000000 00:00 0 
7ffb90000000-7ffb90021000 rw-p 00000000 00:00 0 
7ffb90021000-7ffb94000000 ---p 00000000 00:00 0 
7ffb94000000-7ffb95f79000 rw-p 00000000 00:00 0 
7ffb95f79000-7ffb98000000 ---p 00000000 00:00 0 
7ffb98000000-7ffb994a1000 rw-p 00000000 00:00 0 
7ffb994a1000-7ffb9c000000 ---p 00000000 00:00 0 
7ffb9c000000-7ffb9c021000 rw-p 00000000 00:00 0 
7ffb9c021000-7ffba0000000 ---p 00000000 00:00 0 
7ffba0000000-7ffba0021000 rw-p 00000000 00:00 0 
7ffba0021000-7ffba4000000 ---p 00000000 00:00 0 
7ffba4000000-7ffba4021000 rw-p 00000000 00:00 0 
7ffba4021000-7ffba8000000 ---p 00000000 00:00 0 
7ffba8000000-7ffba8021000 rw-p 00000000 00:00 0 
7ffba8021000-7ffbac000000 ---p 00000000 00:00 0 
7ffbac000000-7ffbaed6f000 rw-p 00000000 00:00 0 
7ffbaed6f000-7ffbb0000000 ---p 00000000 00:00 0 
7ffbb1c0d000-7ffbb1c91000 r-xp 00000000 08:02 26476547                   /tmp/sqlite-3.7.2-libsqlitejdbc.so
7ffbb1c91000-7ffbb1e91000 ---p 00084000 08:02 26476547                   /tmp/sqlite-3.7.2-libsqlitejdbc.so
7ffbb1e91000-7ffbb1e92000 r--p 00084000 08:02 26476547                   /tmp/sqlite-3.7.2-libsqlitejdbc.so
7ffbb1e92000-7ffbb1e95000 rw-p 00085000 08:02 26476547                   /tmp/sqlite-3.7.2-libsqlitejdbc.so
7ffbb1e95000-7ffbb1e98000 ---p 00000000 00:00 0 
7ffbb1e98000-7ffbb1ece000 rw-p 00000000 00:00 0 
7ffbb1ece000-7ffbb1ed4000 r--s 00044000 08:02 26485849                   /home/denisxs/.gradle/caches/modules-2/files-2.1/org.jdom/jdom2/2.0.5/2001db51c131e555bafdb77fc52af6a9408c505e/jdom2-2.0.5.jar
7ffbb1ed4000-7ffbb1ed5000 r--s 00003000 08:02 26485848                   /home/denisxs/.gradle/caches/modules-2/files-2.1/org.w3c.css/sac/1.3/cdb2dcb4e22b83d6b32b93095f644c3462739e82/sac-1.3.jar
7ffbb1ed5000-7ffbb1ed7000 r--s 00005000 08:02 26485847                   /home/denisxs/.gradle/caches/modules-2/files-2.1/xpp3/xpp3_min/1.1.4c/19d4e90b43059058f6e056f794f0ea4030d60b86/xpp3_min-1.1.4c.jar
7ffbb1ed7000-7ffbb1ed8000 r--s 00001000 08:02 26485846                   /home/denisxs/.gradle/caches/modules-2/files-2.1/xmlpull/xmlpull/1.1.3.1/2b8e230d2ab644e4ecaa94db7cdedbc40c805dfa/xmlpull-1.1.3.1.jar
7ffbb1ed8000-7ffbb1ee1000 r--s 0002d000 08:02 26485845                   /home/denisxs/.gradle/caches/modules-2/files-2.1/xml-apis/xml-apis/1.4.01/3789d9fada2d3d458c4ba2de349d48780f381ee3/xml-apis-1.4.01.jar
7ffbb1ee1000-7ffbb1ee4000 r--s 00020000 08:02 26485843                   /home/denisxs/.gradle/caches/modules-2/files-2.1/net.sourceforge.htmlcleaner/htmlcleaner/2.10/70d073025a51703ba8f41db3d4e6af5dd0f1ed47/htmlcleaner-2.10.jar
7ffbb1ee4000-7ffbb1ee6000 r--s 00023000 08:02 26485842                   /home/denisxs/.gradle/caches/modules-2/files-2.1/org.jdom/jdom/1.1.3/8bdfeb39fa929c35f5e4f0b02d34350db39a1efc/jdom-1.1.3.jar
7ffbb1ee6000-7ffbb1eea000 r--s 00056000 08:02 26485841                   /home/denisxs/.gradle/caches/modules-2/files-2.1/net.sourceforge.cssparser/cssparser/0.9.15/957ed5d39cc6a88af969180917e2d46eaadc64ef/cssparser-0.9.15.jar
7ffbb1eea000-7ffbb1ef8000 r--s 0007f000 08:02 26485840                   /home/denisxs/.gradle/caches/modules-2/files-2.1/commons-collections/commons-collections/3.2.1/761ea405b9b37ced573d2df0d1e3a4e0f9edc668/commons-collections-3.2.1.jar
7ffbb1ef8000-7ffbb1f05000 r--s 00077000 08:02 26485839                   /home/denisxs/.gradle/caches/modules-2/files-2.1/com.thoughtworks.xstream/xstream/1.4.8/520d90f30f36a0d6ba2dc929d980831631ad6a92/xstream-1.4.8.jar
7ffbb1f05000-7ffbb1f12000 r--s 00088000 08:02 26485838                   /home/denisxs/.gradle/caches/modules-2/files-2.1/org.apache.commons/commons-collections4/4.0/da217367fd25e88df52ba79e47658d4cf928b0d1/commons-collections4-4.0.jar
7ffbb1f12000-7ffbb1f16000 r--s 0002a000 08:02 26483704                   /home/denisxs/.gradle/caches/modules-2/files-2.1/commons-io/commons-io/2.4/b1b6ea3b7e4aa4f492509a4952029cd8e48019ad/commons-io-2.4.jar
7ffbb1f16000-7ffbb1f19000 r--s 0001d000 08:02 26485837                   /home/denisxs/.gradle/caches/modules-2/files-2.1/net.java.dev.stax-utils/stax-utils/20070216/1d9fc60be26a0482c36b7a04d2c581ddf758b6ea/stax-utils-20070216.jar
7ffbb1f19000-7ffbb1f32000 r--s 00135000 08:02 26485836                   /home/denisxs/.gradle/caches/modules-2/files-2.1/xerces/xercesImpl/2.11.0/9bb329db1cfc4e22462c9d6b43a8432f5850e92c/xercesImpl-2.11.0.jar
7ffbb1f32000-7ffbb1f37000 r--s 00048000 08:02 26485835                   /home/denisxs/.gradle/caches/modules-2/files-2.1/dom4j/dom4j/1.6.1/5d3ccc056b6f056dbf0dddfdf43894b9065a8f94/dom4j-1.6.1.jar
7ffbb1f37000-7ffbb1f3a000 r--s 00009000 08:02 26485834                   /home/denisxs/.gradle/caches/modules-2/files-2.1/javax.validation/validation-api/1.0.0.GA/b6bd7f9d78f6fdaa3c37dae18a4bd298915f328e/validation-api-1.0.0.GA.jar
7ffbb1f3a000-7ffbb1f3f000 r--s 00035000 08:02 26485833                   /home/denisxs/.gradle/caches/modules-2/files-2.1/commons-beanutils/commons-beanutils/1.9.2/7a87d845ad3a155297e8f67d9008f4c1e5656b71/commons-beanutils-1.9.2.jar
7ffbb1f3f000-7ffbb1f40000 r--s 00000000 08:02 26483717                   /home/denisxs/.gradle/caches/modules-2/files-2.1/javax.inject/javax.inject/1/6975da39a7040257bd51d21a231b76c915872d38/javax.inject-1.jar
7ffbb1f40000-7ffbb1f41000 r--s 00003000 08:02 26485832                   /home/denisxs/.gradle/caches/modules-2/files-2.1/org.xwiki.commons/xwiki-commons-stability/7.1-milestone-2/8af81fda5747633135c071b1ebe7114da528af12/xwiki-commons-stability-7.1-milestone-2.jar
7ffbb1f41000-7ffbb1f42000 r--s 00009000 08:02 26485831                   /home/denisxs/.gradle/caches/modules-2/files-2.1/org.slf4j/slf4j-api/1.7.18/b631d286463ced7cc42ee2171fe3beaed2836823/slf4j-api-1.7.18.jar
7ffbb1f42000-7ffbb1f4d000 r--s 00066000 08:02 26485830                   /home/denisxs/.gradle/caches/modules-2/files-2.1/ch.qos.logback/logback-core/1.1.6/4d1d54165c4d9fcb7b63a7fe4f18e45b47e7645b/logback-core-1.1.6.jar
7ffbb1f4d000-7ffbb1f54000 r--s 0003f000 08:02 26485829                   /home/denisxs/.gradle/caches/modules-2/files-2.1/org.apache.httpcomponents/httpcore/4.3.3/f91b7a4aadc5cf486df6e4634748d7dd7a73f06d/httpcore-4.3.3.jar
7ffbb1f54000-7ffbb1f5b000 r--s 00041000 08:02 26485828                   /home/denisxs/.gradle/caches/modules-2/files-2.1/ch.qos.logback/logback-classic/1.1.6/665e3de72f19ec66ac67d82612d7b8e6b3de3cd0/logback-classic-1.1.6.jar
7ffbb1f5b000-7ffbb1f64000 r--s 0004e000 08:02 26485827                   /home/denisxs/.gradle/caches/modules-2/files-2.1/org.luaj/luaj-jse/3.0.1/99245b2df284805e1cb835e9be47c243f9717511/luaj-jse-3.0.1.jar
7ffbb1f64000-7ffbb1f6b000 r--s 00064000 08:02 26485825                   /home/denisxs/.gradle/caches/modules-2/files-2.1/org.apache.commons/commons-lang3/3.4/5fe28b9518e58819180a43a850fbc0dd24b7c050/commons-lang3-3.4.jar
7ffbb1f6b000-7ffbb1f6c000 r--s 00003000 08:02 26485826                   /home/denisxs/.gradle/caches/modules-2/files-2.1/org.xwiki.commons/xwiki-commons-text/7.1-milestone-2/1835cb655ee40c64bbefd9c79145129c49716b1d/xwiki-commons-text-7.1-milestone-2.jar
7ffbb1f6c000-7ffbb1f6e000 r--s 0000a000 08:02 26485824                   /home/denisxs/.gradle/caches/modules-2/files-2.1/org.xwiki.commons/xwiki-commons-component-api/7.1-milestone-2/4a1f4c45f3b6b51ec501cdff05a6c93ee6481f25/xwiki-commons-component-api-7.1-milestone-2.jar
7ffbb1f6e000-7ffbb1f6f000 r--s 00003000 08:02 26485822                   /home/denisxs/.gradle/caches/modules-2/files-2.1/org.xwiki.commons/xwiki-commons-environment-api/7.1-milestone-2/571445220f318a3ab4b1241ecd9639d7caf617a7/xwiki-commons-environment-api-7.1-milestone-2.jar
7ffbb1f6f000-7ffbb1f71000 r--s 00014000 08:02 26485821                   /home/denisxs/.gradle/caches/modules-2/files-2.1/org.xwiki.commons/xwiki-commons-xml/7.1-milestone-2/e7b951a67bbba45bac499a94fa91db2aa442648/xwiki-commons-xml-7.1-milestone-2.jar
7ffbb1f71000-7ffbb1f7a000 r--s 000aa000 08:02 26485823                   /home/denisxs/.gradle/caches/modules-2/files-2.1/org.xwiki.rendering/xwiki-rendering-wikimodel/7.1-milestone-2/cf79d1bbc548e29a128cae81d7c5af9c75d735db/xwiki-rendering-wikimodel-7.1-milestone-2.jar
7ffbb1f7a000-7ffbb1f7c000 r--s 00005000 08:02 26485820                   /home/denisxs/.gradle/caches/modules-2/files-2.1/org.xwiki.commons/xwiki-commons-observation-api/7.1-milestone-2/bd3321f2b433f98be67c9cbd50e5b094baacd7f9/xwiki-commons-observation-api-7.1-milestone-2.jar
7ffbb1f7c000-7ffbb1f7e000 r--s 0000a000 08:02 26485819                   /home/denisxs/.gradle/caches/modules-2/files-2.1/org.xwiki.commons/xwiki-commons-logging-api/7.1-milestone-2/f09e1df7e9bfa579bc14c69e3c4df1e57bd2ec9f/xwiki-commons-logging-api-7.1-milestone-2.jar
7ffbb1f7e000-7ffbb1f80000 r--s 00003000 08:02 26485817                   /home/denisxs/.gradle/caches/modules-2/files-2.1/org.xwiki.commons/xwiki-commons-component-observation/7.1-milestone-2/91bf26eabb9f2ae3a67ee8441324400a9991d79/xwiki-commons-component-observation-7.1-milestone-2.jar
7ffbb1f80000-7ffbb1f82000 r--s 00005000 08:02 26485818                   /home/denisxs/.gradle/caches/modules-2/files-2.1/org.xwiki.commons/xwiki-commons-context/7.1-milestone-2/d84573216b89f23918367dc8e30a75c66d629b61/xwiki-commons-context-7.1-milestone-2.jar
7ffbb1f82000-7ffbb1f84000 r--s 00004000 08:02 26485816                   /home/denisxs/.gradle/caches/modules-2/files-2.1/org.xwiki.commons/xwiki-commons-script/7.1-milestone-2/959dd3136de75a3cf51be61f0383ddcc9e357469/xwiki-commons-script-7.1-milestone-2.jar
7ffbb1f84000-7ffbb1f86000 r--s 0000b000 08:02 26485815                   /home/denisxs/.gradle/caches/modules-2/files-2.1/org.xwiki.commons/xwiki-commons-properties/7.1-milestone-2/61d7de34f5f3f362740fbacf759fdeb767f6df8f/xwiki-commons-properties-7.1-milestone-2.jar
7ffbb1f86000-7ffbb1f88000 r--s 00004000 08:02 26485814                   /home/denisxs/.gradle/caches/modules-2/files-2.1/org.xwiki.commons/xwiki-commons-configuration-api/7.1-milestone-2/f5614b347d30440fc70c8411b98e163c5bb27681/xwiki-commons-configuration-api-7.1-milestone-2.jar
7ffbb1f88000-7ffbb1f8a000 r--s 00014000 08:02 26485813                   /home/denisxs/.gradle/caches/modules-2/files-2.1/org.xwiki.commons/xwiki-commons-job/7.1-milestone-2/62b4d8969776968f11c705f64d7f62a77ff5a376/xwiki-commons-job-7.1-milestone-2.jar
7ffbb1f8a000-7ffbb1f8d000 r--s 00011000 08:02 26485812                   /home/denisxs/.gradle/caches/modules-2/files-2.1/org.xwiki.commons/xwiki-commons-filter-api/7.1-milestone-2/635aa530c7db6b4cb07a194b0586d7461cf556ee/xwiki-commons-filter-api-7.1-milestone-2.jar
7ffbb1f8d000-7ffbb1f8f000 r--s 0000d000 08:02 26485811                   /home/denisxs/.gradle/caches/modules-2/files-2.1/org.xwiki.commons/xwiki-commons-filter-xml/7.1-milestone-2/d2244c3640145326fb2627609d08e21c6185f341/xwiki-commons-filter-xml-7.1-milestone-2.jar
7ffbb1f8f000-7ffbb1f93000 r--s 0001a000 08:02 26485810                   /home/denisxs/.gradle/caches/modules-2/files-2.1/com.twelvemonkeys.common/common-lang/3.3.2/ffbc5e05208c5c9cb43052438294c3ec5546aecf/common-lang-3.3.2.jar
7ffbb1f93000-7ffbb1f96000 r--s 00014000 08:02 26485808                   /home/denisxs/.gradle/caches/modules-2/files-2.1/com.twelvemonkeys.common/common-io/3.3.2/e00b1c744993864d3c8dc698ba7d356122019398/common-io-3.3.2.jar
7ffbb1f96000-7ffbb1f99000 r--s 00013000 08:02 26485809                   /home/denisxs/.gradle/caches/modules-2/files-2.1/com.twelvemonkeys.common/common-image/3.3.2/9c975152864050c6dbb7226ca1100694f0aa099d/common-image-3.3.2.jar
7ffbb1f99000-7ffbb1f9c000 r--s 0000e000 08:02 26485807                   /home/denisxs/.gradle/caches/modules-2/files-2.1/com.twelvemonkeys.imageio/imageio-core/3.3.2/8def41c756831dde3c23f2d525e5667cfbfa1847/imageio-core-3.3.2.jar
7ffbb1f9c000-7ffbb1f9e000 r--s 00010000 08:02 26485806                   /home/denisxs/.gradle/caches/modules-2/files-2.1/com.twelvemonkeys.imageio/imageio-metadata/3.3.2/b8a31725bde0dc6f4e6b01711784f5ca0a2275f3/imageio-metadata-3.3.2.jar
7ffbb1f9e000-7ffbb1fa6000 r--s 00034000 08:02 26485805                   /home/denisxs/.gradle/caches/modules-2/files-2.1/org.xwiki.rendering/xwiki-rendering-api/7.1-milestone-2/9d20fc0c6debfa7d20d0c4ac59e629636af47bff/xwiki-rendering-api-7.1-milestone-2.jar
7ffbb1fa6000-7ffbb1fa8000 r--s 00004000 08:02 26485804                   /home/denisxs/.gradle/caches/modules-2/files-2.1/org.xwiki.rendering/xwiki-rendering-syntax-plain/7.1-milestone-2/3476a2449ee47f8937269f68339a49d4ac387d60/xwiki-rendering-syntax-plain-7.1-milestone-2.jar
7ffbb1fa8000-7ffbb1faa000 r--s 00006000 08:02 26485803                   /home/denisxs/.gradle/caches/modules-2/files-2.1/org.xwiki.rendering/xwiki-rendering-xml/7.1-milestone-2/cba4e583d4ca750bcb8f9ba3240052d8c5dcba71/xwiki-rendering-xml-7.1-milestone-2.jar
7ffbb1faa000-7ffbb1fab000 r--s 00004000 08:02 26485802                   /home/denisxs/.gradle/caches/modules-2/files-2.1/org.xwiki.rendering/xwiki-rendering-syntax-xdomxmlcurrent/7.1-milestone-2/e5a39014f3aed2e5e542d30c749ba26041fb7951/xwiki-rendering-syntax-xdomxmlcurrent-7.1-milestone-2.jar
7ffbb1fab000-7ffbb1fad000 r--s 00007000 08:02 26485800                   /home/denisxs/.gradle/caches/modules-2/files-2.1/org.xwiki.rendering/xwiki-rendering-syntax-wikimodel/7.1-milestone-2/c0494ecd2e7a12e186a789db50322471e9a56a80/xwiki-rendering-syntax-wikimodel-7.1-milestone-2.jar
7ffbb1fad000-7ffbb1faf000 r--s 0000a000 08:02 26485801                   /home/denisxs/.gradle/caches/modules-2/files-2.1/org.xwiki.rendering/xwiki-rendering-syntax-xwiki20/7.1-milestone-2/9e81278b394e06a4d2d8b66fd99b4f08a523762/xwiki-rendering-syntax-xwiki20-7.1-milestone-2.jar
7ffbb1faf000-7ffbb1fb1000 r--s 00005000 08:02 26485799                   /home/denisxs/.gradle/caches/modules-2/files-2.1/org.xwiki.rendering/xwiki-rendering-syntax-xwiki21/7.1-milestone-2/50edec06ca58a0dd4be53fe00cc11611d79dfa5f/xwiki-rendering-syntax-xwiki21-7.1-milestone-2.jar
7ffbb1fb1000-7ffbb1fb3000 r--s 0000f000 08:02 26485798                   /home/denisxs/.gradle/caches/modules-2/files-2.1/org.xwiki.rendering/xwiki-rendering-syntax-xhtml/7.1-milestone-2/9b41740def2b8bfc08b4d79375867486fdc5136b/xwiki-rendering-syntax-xhtml-7.1-milestone-2.jar
7ffbb1fb3000-7ffbb1fb4000 r--s 00003000 08:02 26485797                   /home/denisxs/.gradle/caches/modules-2/files-2.1/org.xwiki.rendering/xwiki-rendering-syntax-html/7.1-milestone-2/dab863f5a900160c789b8453c361ad550ee3c124/xwiki-rendering-syntax-html-7.1-milestone-2.jar
7ffbb1fb4000-7ffbb1fb5000 r--s 00003000 08:02 26485796                   /home/denisxs/.gradle/caches/modules-2/files-2.1/org.xwiki.rendering/xwiki-rendering-syntax-mediawiki/7.1-milestone-2/c893ac82d08a06dd228279c4776a48fb3279a5a1/xwiki-rendering-syntax-mediawiki-7.1-milestone-2.jar
7ffbb1fb5000-7ffbb1fb6000 r--s 0000b000 08:02 26485795                   /home/denisxs/.gradle/caches/modules-2/files-2.1/org.xwiki.commons/xwiki-commons-component-default/7.1-milestone-2/623574d13cb2b1f9f3119bfe4100a9fdab9ce909/xwiki-commons-component-default-7.1-milestone-2.jar
7ffbb1fb6000-7ffbb1fb8000 r--s 00016000 08:02 26485794                   /home/denisxs/.gradle/caches/modules-2/files-2.1/com.twelvemonkeys.imageio/imageio-tiff/3.3.2/9bea1214eae7d287dc0c685fb6be75102318d080/imageio-tiff-3.3.2.jar
7ffbb1fb8000-7ffbb1fbb000 r--s 00012000 08:02 26485793                   /home/denisxs/.gradle/caches/modules-2/files-2.1/com.twelvemonkeys.imageio/imageio-jpeg/3.3.2/571aa1b4cd3f38f8b90e88c8f3e240bdc0a478ff/imageio-jpeg-3.3.2.jar
7ffbb1fbb000-7ffbb1fc0000 r--s 00040000 08:02 26485792                   /home/denisxs/.gradle/caches/modules-2/files-2.1/com.jcraft/jsch/0.1.54/da3584329a263616e277e15462b387addd1b208d/jsch-0.1.54.jar
7ffbb1fc0000-7ffbb1fc7000 r--s 000a0000 08:02 26485790                   /home/denisxs/.gradle/caches/modules-2/files-2.1/org.postgresql/postgresql/9.4.1212/38931d70811d9bfcecf9c06f7222973c038a12de/postgresql-9.4.1212.jar
7ffbb1fc7000-7ffbb1fef000 r--s 00241000 08:02 26485660                   /home/denisxs/.gradle/caches/modules-2/files-2.1/net.sf.trove4j/trove4j/3.0.3/42ccaf4761f0dfdfa805c9e340d99a755907e2dd/trove4j-3.0.3.jar
7ffbb1fef000-7ffbb1ff6000 r--s 0004b000 08:02 26484523                   /home/denisxs/.gradle/caches/modules-2/files-2.1/commons-codec/commons-codec/1.11/3acb4705652e16236558f0f4f2192cc33c3bd189/commons-codec-1.11.jar
7ffbb1ff6000-7ffbb1ffb000 r--s 00309000 08:02 26485791                   /home/denisxs/.gradle/caches/modules-2/files-2.1/org.xerial/sqlite-jdbc/3.7.2/7a3d67f00508d3881650579f7f228c61bfc1b196/sqlite-jdbc-3.7.2.jar
7ffbb1ffb000-7ffbb1ffd000 r--s 00003000 08:02 26485084                   /home/denisxs/.gradle/caches/modules-2/files-2.1/com.google.code.findbugs/jsr305/3.0.2/25ea2e8b0c338a877313bd4672d3fe056ea78f0d/jsr305-3.0.2.jar
7ffbb1ffd000-7ffbb2009000 r--s 00085000 08:02 26485772                   /home/denisxs/.gradle/caches/modules-2/files-2.1/org.apache.httpcomponents/httpclient/4.3.6/4c47155e3e6c9a41a28db36680b828ced53b8af4/httpclient-4.3.6.jar
7ffbb2009000-7ffbb2014000 r--s 000a5000 08:02 26485775                   /home/denisxs/.gradle/caches/modules-2/files-2.1/info.bliki.wiki/bliki-core/3.1.0/e1f81ce19aa6159dff5852c02839d3190e2cf0d6/bliki-core-3.1.0.jar
7ffbb2014000-7ffbb2038000 r--s 00290000 08:02 9700362                    /home/denisxs/BACKEND/android/OsmAnd-java/libs/icu4j-49_1_patched.jar
7ffbb2038000-7ffbb203d000 r--s 0004c000 08:02 9700361                    /home/denisxs/BACKEND/android/OsmAnd-java/libs/gnu-trove-osmand.jar
7ffbb203d000-7ffbb2042000 r--s 00034000 08:02 26484462                   /home/denisxs/.gradle/caches/modules-2/files-2.1/com.google.code.gson/gson/2.8.2/3edcfe49d2c6053a70a2a47e4e1c2f94998a49cf/gson-2.8.2.jar
7ffbb2042000-7ffbb204a000 r--s 00045000 08:02 26483921                   /home/denisxs/.gradle/caches/modules-2/files-2.1/junit/junit/4.12/2973d150c0dc1fefe998f834810d68f278ea58ec/junit-4.12.jar
7ffbb204a000-7ffbb2050000 r--s 00033000 08:02 26484451                   /home/denisxs/.gradle/caches/modules-2/files-2.1/com.google.code.gson/gson/2.6.2/f1bc476cc167b18e66c297df599b2377131a8947/gson-2.6.2.jar
7ffbb2050000-7ffbb2055000 r--s 00046000 08:02 26484450                   /home/denisxs/.gradle/caches/modules-2/files-2.1/org.apache.commons/commons-lang3/3.0/8873bd0bb5cb9ee37f1b04578eb7e26fcdd44cb0/commons-lang3-3.0.jar
7ffbb2055000-7ffbb2064000 r--s 000b1000 08:02 26484448                   /home/denisxs/.gradle/caches/modules-2/files-2.1/com.vividsolutions/jts-core/1.14.0/ff63492fba33a395f0da17720dd1716aba0d8c84/jts-core-1.14.0.jar
7ffbb2064000-7ffbb206f000 r--s 00085000 08:02 26484445                   /home/denisxs/.gradle/caches/modules-2/files-2.1/org.apache.commons/commons-compress/1.17/474c20609032e7f815ef534cd8174d2e400d9a8d/commons-compress-1.17.jar
7ffbb206f000-7ffbb208a000 r--s 00394000 08:02 29631991                   /usr/lib/jvm/java-8-openjdk-amd64/jre/lib/ext/cldrdata.jar
7ffbb208a000-7ffbb20a5000 r--s 001d6000 08:02 29631996                   /usr/lib/jvm/java-8-openjdk-amd64/jre/lib/ext/nashorn.jar
7ffbb20a5000-7ffbb20a6000 ---p 00000000 00:00 0 
7ffbb20a6000-7ffbb21a6000 rw-p 00000000 00:00 0 
7ffbb21a6000-7ffbb21a9000 ---p 00000000 00:00 0 
7ffbb21a9000-7ffbb22a7000 rw-p 00000000 00:00 0 
7ffbb22a7000-7ffbb22a8000 ---p 00000000 00:00 0 
7ffbb22a8000-7ffbb22ab000 ---p 00000000 00:00 0 
7ffbb22ab000-7ffbb23a8000 rw-p 00000000 00:00 0 
7ffbb23a8000-7ffbb23a9000 ---p 00000000 00:00 0 
7ffbb23a9000-7ffbb23ac000 ---p 00000000 00:00 0 
7ffbb23ac000-7ffbb24a9000 rw-p 00000000 00:00 0 
7ffbb24a9000-7ffbb24aa000 ---p 00000000 00:00 0 
7ffbb24aa000-7ffbb24ad000 ---p 00000000 00:00 0 
7ffbb24ad000-7ffbb25aa000 rw-p 00000000 00:00 0 
7ffbb25aa000-7ffbb25ad000 ---p 00000000 00:00 0 
7ffbb25ad000-7ffbb26ab000 rw-p 00000000 00:00 0 
7ffbb26ab000-7ffbb31f2000 r--p 00000000 08:02 29629038                   /usr/lib/locale/locale-archive
7ffbb31f2000-7ffbb31f5000 ---p 00000000 00:00 0 
7ffbb31f5000-7ffbb32f3000 rw-p 00000000 00:00 0 
7ffbb32f3000-7ffbb32f6000 ---p 00000000 00:00 0 
7ffbb32f6000-7ffbb33f4000 rw-p 00000000 00:00 0 
7ffbb33f4000-7ffbb33f5000 ---p 00000000 00:00 0 
7ffbb33f5000-7ffbb4000000 rw-p 00000000 00:00 0 
7ffbb4000000-7ffbb453e000 rw-p 00000000 00:00 0 
7ffbb453e000-7ffbb8000000 ---p 00000000 00:00 0 
7ffbb8000000-7ffbb8193000 rw-p 00000000 00:00 0 
7ffbb8193000-7ffbbc000000 ---p 00000000 00:00 0 
7ffbbc000000-7ffbbc30c000 rw-p 00000000 00:00 0 
7ffbbc30c000-7ffbc0000000 ---p 00000000 00:00 0 
7ffbc0000000-7ffbc0002000 r--s 00009000 08:02 26483927                   /home/denisxs/.gradle/caches/modules-2/files-2.1/org.hamcrest/hamcrest-core/1.3/42a25dc3219429f0e5d060061f71acb49bf010a0/hamcrest-core-1.3.jar
7ffbc0002000-7ffbc0007000 r--s 0005c000 08:02 26484452                   /home/denisxs/.gradle/caches/modules-2/files-2.1/com.moparisthebest/junidecode/0.1.1/3a24faa411a5d9df9360af177fb316883370c2f1/junidecode-0.1.1.jar
7ffbc0007000-7ffbc000a000 r--s 00021000 08:02 26484444                   /home/denisxs/.gradle/caches/modules-2/files-2.1/org.beanshell/bsh-core/2.0b4/495e25a99e29970ffe8ba0b1d551e1d1a9991fc1/bsh-core-2.0b4.jar
7ffbc000a000-7ffbc000f000 r--s 00043000 08:02 26484447                   /home/denisxs/.gradle/caches/modules-2/files-2.1/it.unibo.alice.tuprolog/tuprolog/3.2.1/81cbe88770ef7be2ded8af565f4932e1dffe0a3a/tuprolog-3.2.1.jar
7ffbc000f000-7ffbc04b8000 rw-p 00000000 00:00 0 
7ffbc04b8000-7ffbc0688000 r--s 03c5c000 08:02 29632017                   /usr/lib/jvm/java-8-openjdk-amd64/jre/lib/rt.jar
7ffbc0688000-7ffbc0dbe000 rw-p 00000000 00:00 0 
7ffbc0dbe000-7ffbc0efe000 ---p 00000000 00:00 0 
7ffbc0efe000-7ffbda6fe000 rw-p 00000000 00:00 0 
7ffbda6fe000-7ffbda6ff000 ---p 00000000 00:00 0 
7ffbda6ff000-7ffbdab48000 rw-p 00000000 00:00 0 
7ffbdab48000-7ffbdb7ff000 ---p 00000000 00:00 0 
7ffbdb7ff000-7ffbdbb48000 rw-p 00000000 00:00 0 
7ffbdbb48000-7ffbdc7ff000 ---p 00000000 00:00 0 
7ffbdc7ff000-7ffbdceb3000 rw-p 00000000 00:00 0 
7ffbdceb3000-7ffbdcfff000 ---p 00000000 00:00 0 
7ffbdcfff000-7ffbdd000000 rw-p 00000000 00:00 0 
7ffbdd000000-7ffbdd600000 rwxp 00000000 00:00 0 
7ffbdd600000-7ffbec000000 ---p 00000000 00:00 0 
7ffbec000000-7ffbf0000000 rw-p 00000000 00:00 0 
7ffbf0000000-7ffbf0001000 r--s 00007000 08:02 26484449                   /home/denisxs/.gradle/caches/modules-2/files-2.1/net.sf.kxml/kxml2/2.1.8/5ab4094134baf41e4c2735d2df71a044fda3c36b/kxml2-2.1.8.jar
7ffbf0001000-7ffbf00f1000 rw-p 00000000 00:00 0 
7ffbf00f1000-7ffbf00f2000 ---p 00000000 00:00 0 
7ffbf00f2000-7ffbf01f2000 rw-p 00000000 00:00 0 
7ffbf01f2000-7ffbf01f3000 ---p 00000000 00:00 0 
7ffbf01f3000-7ffbf02f3000 rw-p 00000000 00:00 0 
7ffbf02f3000-7ffbf02f4000 ---p 00000000 00:00 0 
7ffbf02f4000-7ffbf040c000 rw-p 00000000 00:00 0 
7ffbf040c000-7ffbf07b4000 ---p 00000000 00:00 0 
7ffbf07b4000-7ffbf07bc000 r-xp 00000000 08:02 29631980                   /usr/lib/jvm/java-8-openjdk-amd64/jre/lib/amd64/libzip.so
7ffbf07bc000-7ffbf09bb000 ---p 00008000 08:02 29631980                   /usr/lib/jvm/java-8-openjdk-amd64/jre/lib/amd64/libzip.so
7ffbf09bb000-7ffbf09bc000 r--p 00007000 08:02 29631980                   /usr/lib/jvm/java-8-openjdk-amd64/jre/lib/amd64/libzip.so
7ffbf09bc000-7ffbf09bd000 rw-p 00008000 08:02 29631980                   /usr/lib/jvm/java-8-openjdk-amd64/jre/lib/amd64/libzip.so
7ffbf09bd000-7ffbf09c8000 r-xp 00000000 08:02 2101991                    /lib/x86_64-linux-gnu/libnss_files-2.27.so
7ffbf09c8000-7ffbf0bc7000 ---p 0000b000 08:02 2101991                    /lib/x86_64-linux-gnu/libnss_files-2.27.so
7ffbf0bc7000-7ffbf0bc8000 r--p 0000a000 08:02 2101991                    /lib/x86_64-linux-gnu/libnss_files-2.27.so
7ffbf0bc8000-7ffbf0bc9000 rw-p 0000b000 08:02 2101991                    /lib/x86_64-linux-gnu/libnss_files-2.27.so
7ffbf0bc9000-7ffbf0bcf000 rw-p 00000000 00:00 0 
7ffbf0bcf000-7ffbf0be6000 r-xp 00000000 08:02 2101985                    /lib/x86_64-linux-gnu/libnsl-2.27.so
7ffbf0be6000-7ffbf0de5000 ---p 00017000 08:02 2101985                    /lib/x86_64-linux-gnu/libnsl-2.27.so
7ffbf0de5000-7ffbf0de6000 r--p 00016000 08:02 2101985                    /lib/x86_64-linux-gnu/libnsl-2.27.so
7ffbf0de6000-7ffbf0de7000 rw-p 00017000 08:02 2101985                    /lib/x86_64-linux-gnu/libnsl-2.27.so
7ffbf0de7000-7ffbf0de9000 rw-p 00000000 00:00 0 
7ffbf0de9000-7ffbf0df4000 r-xp 00000000 08:02 2102002                    /lib/x86_64-linux-gnu/libnss_nis-2.27.so
7ffbf0df4000-7ffbf0ff3000 ---p 0000b000 08:02 2102002                    /lib/x86_64-linux-gnu/libnss_nis-2.27.so
7ffbf0ff3000-7ffbf0ff4000 r--p 0000a000 08:02 2102002                    /lib/x86_64-linux-gnu/libnss_nis-2.27.so
7ffbf0ff4000-7ffbf0ff5000 rw-p 0000b000 08:02 2102002                    /lib/x86_64-linux-gnu/libnss_nis-2.27.so
7ffbf0ff5000-7ffbf0ffd000 r-xp 00000000 08:02 2101987                    /lib/x86_64-linux-gnu/libnss_compat-2.27.so
7ffbf0ffd000-7ffbf11fd000 ---p 00008000 08:02 2101987                    /lib/x86_64-linux-gnu/libnss_compat-2.27.so
7ffbf11fd000-7ffbf11fe000 r--p 00008000 08:02 2101987                    /lib/x86_64-linux-gnu/libnss_compat-2.27.so
7ffbf11fe000-7ffbf11ff000 rw-p 00009000 08:02 2101987                    /lib/x86_64-linux-gnu/libnss_compat-2.27.so
7ffbf11ff000-7ffbf1229000 r-xp 00000000 08:02 29631957                   /usr/lib/jvm/java-8-openjdk-amd64/jre/lib/amd64/libjava.so
7ffbf1229000-7ffbf1428000 ---p 0002a000 08:02 29631957                   /usr/lib/jvm/java-8-openjdk-amd64/jre/lib/amd64/libjava.so
7ffbf1428000-7ffbf1429000 r--p 00029000 08:02 29631957                   /usr/lib/jvm/java-8-openjdk-amd64/jre/lib/amd64/libjava.so
7ffbf1429000-7ffbf142b000 rw-p 0002a000 08:02 29631957                   /usr/lib/jvm/java-8-openjdk-amd64/jre/lib/amd64/libjava.so
7ffbf142b000-7ffbf143b000 r-xp 00000000 08:02 29631979                   /usr/lib/jvm/java-8-openjdk-amd64/jre/lib/amd64/libverify.so
7ffbf143b000-7ffbf163a000 ---p 00010000 08:02 29631979                   /usr/lib/jvm/java-8-openjdk-amd64/jre/lib/amd64/libverify.so
7ffbf163a000-7ffbf163c000 r--p 0000f000 08:02 29631979                   /usr/lib/jvm/java-8-openjdk-amd64/jre/lib/amd64/libverify.so
7ffbf163c000-7ffbf163d000 rw-p 00011000 08:02 29631979                   /usr/lib/jvm/java-8-openjdk-amd64/jre/lib/amd64/libverify.so
7ffbf163d000-7ffbf1644000 r-xp 00000000 08:02 2102042                    /lib/x86_64-linux-gnu/librt-2.27.so
7ffbf1644000-7ffbf1843000 ---p 00007000 08:02 2102042                    /lib/x86_64-linux-gnu/librt-2.27.so
7ffbf1843000-7ffbf1844000 r--p 00006000 08:02 2102042                    /lib/x86_64-linux-gnu/librt-2.27.so
7ffbf1844000-7ffbf1845000 rw-p 00007000 08:02 2102042                    /lib/x86_64-linux-gnu/librt-2.27.so
7ffbf1845000-7ffbf185c000 r-xp 00000000 08:02 2097820                    /lib/x86_64-linux-gnu/libgcc_s.so.1
7ffbf185c000-7ffbf1a5b000 ---p 00017000 08:02 2097820                    /lib/x86_64-linux-gnu/libgcc_s.so.1
7ffbf1a5b000-7ffbf1a5c000 r--p 00016000 08:02 2097820                    /lib/x86_64-linux-gnu/libgcc_s.so.1
7ffbf1a5c000-7ffbf1a5d000 rw-p 00017000 08:02 2097820                    /lib/x86_64-linux-gnu/libgcc_s.so.1
7ffbf1a5d000-7ffbf1bfa000 r-xp 00000000 08:02 2101964                    /lib/x86_64-linux-gnu/libm-2.27.so
7ffbf1bfa000-7ffbf1df9000 ---p 0019d000 08:02 2101964                    /lib/x86_64-linux-gnu/libm-2.27.so
7ffbf1df9000-7ffbf1dfa000 r--p 0019c000 08:02 2101964                    /lib/x86_64-linux-gnu/libm-2.27.so
7ffbf1dfa000-7ffbf1dfb000 rw-p 0019d000 08:02 2101964                    /lib/x86_64-linux-gnu/libm-2.27.so
7ffbf1dfb000-7ffbf1f74000 r-xp 00000000 08:02 29623707                   /usr/lib/x86_64-linux-gnu/libstdc++.so.6.0.25
7ffbf1f74000-7ffbf2174000 ---p 00179000 08:02 29623707                   /usr/lib/x86_64-linux-gnu/libstdc++.so.6.0.25
7ffbf2174000-7ffbf217e000 r--p 00179000 08:02 29623707                   /usr/lib/x86_64-linux-gnu/libstdc++.so.6.0.25
7ffbf217e000-7ffbf2180000 rw-p 00183000 08:02 29623707                   /usr/lib/x86_64-linux-gnu/libstdc++.so.6.0.25
7ffbf2180000-7ffbf2184000 rw-p 00000000 00:00 0 
7ffbf2184000-7ffbf2e23000 r-xp 00000000 08:02 29631982                   /usr/lib/jvm/java-8-openjdk-amd64/jre/lib/amd64/server/libjvm.so
7ffbf2e23000-7ffbf3023000 ---p 00c9f000 08:02 29631982                   /usr/lib/jvm/java-8-openjdk-amd64/jre/lib/amd64/server/libjvm.so
7ffbf3023000-7ffbf30b7000 r--p 00c9f000 08:02 29631982                   /usr/lib/jvm/java-8-openjdk-amd64/jre/lib/amd64/server/libjvm.so
7ffbf30b7000-7ffbf30e0000 rw-p 00d33000 08:02 29631982                   /usr/lib/jvm/java-8-openjdk-amd64/jre/lib/amd64/server/libjvm.so
7ffbf30e0000-7ffbf3110000 rw-p 00000000 00:00 0 
7ffbf3110000-7ffbf312a000 r-xp 00000000 08:02 2102034                    /lib/x86_64-linux-gnu/libpthread-2.27.so
7ffbf312a000-7ffbf3329000 ---p 0001a000 08:02 2102034                    /lib/x86_64-linux-gnu/libpthread-2.27.so
7ffbf3329000-7ffbf332a000 r--p 00019000 08:02 2102034                    /lib/x86_64-linux-gnu/libpthread-2.27.so
7ffbf332a000-7ffbf332b000 rw-p 0001a000 08:02 2102034                    /lib/x86_64-linux-gnu/libpthread-2.27.so
7ffbf332b000-7ffbf332f000 rw-p 00000000 00:00 0 
7ffbf332f000-7ffbf3332000 r-xp 00000000 08:02 2101924                    /lib/x86_64-linux-gnu/libdl-2.27.so
7ffbf3332000-7ffbf3531000 ---p 00003000 08:02 2101924                    /lib/x86_64-linux-gnu/libdl-2.27.so
7ffbf3531000-7ffbf3532000 r--p 00002000 08:02 2101924                    /lib/x86_64-linux-gnu/libdl-2.27.so
7ffbf3532000-7ffbf3533000 rw-p 00003000 08:02 2101924                    /lib/x86_64-linux-gnu/libdl-2.27.so
7ffbf3533000-7ffbf354f000 r-xp 00000000 08:02 2102073                    /lib/x86_64-linux-gnu/libz.so.1.2.11
7ffbf354f000-7ffbf374e000 ---p 0001c000 08:02 2102073                    /lib/x86_64-linux-gnu/libz.so.1.2.11
7ffbf374e000-7ffbf374f000 r--p 0001b000 08:02 2102073                    /lib/x86_64-linux-gnu/libz.so.1.2.11
7ffbf374f000-7ffbf3750000 rw-p 0001c000 08:02 2102073                    /lib/x86_64-linux-gnu/libz.so.1.2.11
7ffbf3750000-7ffbf3937000 r-xp 00000000 08:02 2101901                    /lib/x86_64-linux-gnu/libc-2.27.so
7ffbf3937000-7ffbf3b37000 ---p 001e7000 08:02 2101901                    /lib/x86_64-linux-gnu/libc-2.27.so
7ffbf3b37000-7ffbf3b3b000 r--p 001e7000 08:02 2101901                    /lib/x86_64-linux-gnu/libc-2.27.so
7ffbf3b3b000-7ffbf3b3d000 rw-p 001eb000 08:02 2101901                    /lib/x86_64-linux-gnu/libc-2.27.so
7ffbf3b3d000-7ffbf3b41000 rw-p 00000000 00:00 0 
7ffbf3b41000-7ffbf3b4f000 r-xp 00000000 08:02 29631942                   /usr/lib/jvm/java-8-openjdk-amd64/jre/lib/amd64/jli/libjli.so
7ffbf3b4f000-7ffbf3d4e000 ---p 0000e000 08:02 29631942                   /usr/lib/jvm/java-8-openjdk-amd64/jre/lib/amd64/jli/libjli.so
7ffbf3d4e000-7ffbf3d4f000 r--p 0000d000 08:02 29631942                   /usr/lib/jvm/java-8-openjdk-amd64/jre/lib/amd64/jli/libjli.so
7ffbf3d4f000-7ffbf3d50000 rw-p 0000e000 08:02 29631942                   /usr/lib/jvm/java-8-openjdk-amd64/jre/lib/amd64/jli/libjli.so
7ffbf3d50000-7ffbf3d77000 r-xp 00000000 08:02 2101873                    /lib/x86_64-linux-gnu/ld-2.27.so
7ffbf3d77000-7ffbf3d79000 r--s 0000e000 08:02 26484446                   /home/denisxs/.gradle/caches/modules-2/files-2.1/org.json/json/20171018/36ced462c97f0845b4a7b266a25cebe95d18baa3/json-20171018.jar
7ffbf3d79000-7ffbf3d7b000 r--s 0000e000 08:02 26483720                   /home/denisxs/.gradle/caches/modules-2/files-2.1/commons-logging/commons-logging/1.2/4bfc12adfe4842bf07b657f0369c4cb522955686/commons-logging-1.2.jar
7ffbf3d7b000-7ffbf3d7e000 r--s 0000f000 08:02 29631993                   /usr/lib/jvm/java-8-openjdk-amd64/jre/lib/ext/icedtea-sound.jar
7ffbf3d7e000-7ffbf3d7f000 r--s 0000a000 08:02 29631994                   /usr/lib/jvm/java-8-openjdk-amd64/jre/lib/ext/jaccess.jar
7ffbf3d7f000-7ffbf3d81000 r--s 00001000 08:02 29631992                   /usr/lib/jvm/java-8-openjdk-amd64/jre/lib/ext/dnsns.jar
7ffbf3d81000-7ffbf3d8b000 r--s 00116000 08:02 29631995                   /usr/lib/jvm/java-8-openjdk-amd64/jre/lib/ext/localedata.jar
7ffbf3d8b000-7ffbf3e5c000 rw-p 00000000 00:00 0 
7ffbf3e5c000-7ffbf3e5d000 ---p 00000000 00:00 0 
7ffbf3e5d000-7ffbf3e60000 ---p 00000000 00:00 0 
7ffbf3e60000-7ffbf3f5f000 rw-p 00000000 00:00 0 
7ffbf3f5f000-7ffbf3f60000 r--s 0000d000 08:02 29631997                   /usr/lib/jvm/java-8-openjdk-amd64/jre/lib/ext/sunec.jar
7ffbf3f60000-7ffbf3f65000 r--s 0003c000 08:02 29631998                   /usr/lib/jvm/java-8-openjdk-amd64/jre/lib/ext/sunjce_provider.jar
7ffbf3f65000-7ffbf3f66000 r--s 00010000 08:02 29632000                   /usr/lib/jvm/java-8-openjdk-amd64/jre/lib/ext/zipfs.jar
7ffbf3f66000-7ffbf3f68000 r--s 00007000 08:02 30015765                   /usr/share/java/java-atk-wrapper.jar
7ffbf3f68000-7ffbf3f6b000 r--s 00039000 08:02 29631999                   /usr/lib/jvm/java-8-openjdk-amd64/jre/lib/ext/sunpkcs11.jar
7ffbf3f6b000-7ffbf3f73000 rw-s 00000000 08:02 26616681                   /tmp/hsperfdata_denisxs/2350
7ffbf3f73000-7ffbf3f74000 rw-p 00000000 00:00 0 
7ffbf3f74000-7ffbf3f75000 ---p 00000000 00:00 0 
7ffbf3f75000-7ffbf3f77000 rw-p 00000000 00:00 0 
7ffbf3f77000-7ffbf3f78000 r--p 00027000 08:02 2101873                    /lib/x86_64-linux-gnu/ld-2.27.so
7ffbf3f78000-7ffbf3f79000 rw-p 00028000 08:02 2101873                    /lib/x86_64-linux-gnu/ld-2.27.so
7ffbf3f79000-7ffbf3f7a000 rw-p 00000000 00:00 0 
7ffe0d2d2000-7ffe0d2f6000 rw-p 00000000 00:00 0                          [stack]
7ffe0d2fb000-7ffe0d2fe000 r--p 00000000 00:00 0                          [vvar]
7ffe0d2fe000-7ffe0d300000 r-xp 00000000 00:00 0                          [vdso]
ffffffffff600000-ffffffffff601000 r-xp 00000000 00:00 0                  [vsyscall]

VM Arguments:
jvm_args: -Xmx12G -Dfile.encoding=UTF-8 
java_command: net.osmand.obf.preparation.BasemapProcessor /home/denisxs/osmand-maps/prod/
java_class_path (initial): /home/denisxs/BACKEND/tools/java-tools/OsmAndMapCreatorUtilities/bin/main:/home/denisxs/BACKEND/tools/java-tools/OsmAndMapCreatorUtilities/bin/test:/home/denisxs/BACKEND/android/OsmAnd-java/bin/main:/home/denisxs/BACKEND/android/OsmAnd-java/bin/test:/home/denisxs/.gradle/caches/modules-2/files-2.1/commons-logging/commons-logging/1.2/4bfc12adfe4842bf07b657f0369c4cb522955686/commons-logging-1.2.jar:/home/denisxs/.gradle/caches/modules-2/files-2.1/org.json/json/20171018/36ced462c97f0845b4a7b266a25cebe95d18baa3/json-20171018.jar:/home/denisxs/.gradle/caches/modules-2/files-2.1/it.unibo.alice.tuprolog/tuprolog/3.2.1/81cbe88770ef7be2ded8af565f4932e1dffe0a3a/tuprolog-3.2.1.jar:/home/denisxs/.gradle/caches/modules-2/files-2.1/org.beanshell/bsh-core/2.0b4/495e25a99e29970ffe8ba0b1d551e1d1a9991fc1/bsh-core-2.0b4.jar:/home/denisxs/.gradle/caches/modules-2/files-2.1/org.apache.commons/commons-compress/1.17/474c20609032e7f815ef534cd8174d2e400d9a8d/commons-compress-1.17.jar:/home/denisxs/.gradle/caches/modules-2/files-2.1/com.moparisthebest/junidecode/0.1.1/3a24faa411a5d9df9360af177fb316883370c2f1/junidecode-0.1.1.jar:/home/denisxs/.gradle/caches/modules-2/files-2.1/com.vividsolutions/jts-core/1.14.0/ff63492fba33a395f0da17720dd1716aba0d8c84/jts-core-1.14.0.jar:/home/denisxs/.gradle/caches/modules-2/files-2.1/net.sf.kxml/kxml2/2.1.8/5ab4094134baf41e4c2735d2df71a044fda3c36b/kxml2-2.1.8.jar:/home/denisxs/.gradle/caches/modules-2/files-2.1/org.apache.commons/commons-lang3/3.0/8873bd0bb5cb9ee37f1b04578eb7e26fcdd44cb0/commons-lang3-3.0.jar:/home/denisxs/.gradle/caches/modules-2/files-2.1/com.google.code.gson/gson/2.6.2/f1bc476cc167b18e66c297df599b2377131a8947/gson-2.6.2.jar:/home/denisxs/.gradle/caches/modules-2/files-2.1/junit/junit/4.12/2973d150c0dc1fefe998f834810d68f278ea58ec/junit-4.12.jar:/home/denisxs/.gradle/caches/modules-2/files-2.1/com.google.code.gson/gson/2.8.2/3edcfe49d2c6053a70a2a47e4e1c2f94998a49cf/gson-2.8.2.jar:/home/denisxs/.gradle/caches/m
Launcher Type: SUN_STANDARD

Environment Variables:
PATH=/usr/local/sbin:/usr/local/bin:/usr/sbin:/usr/bin:/sbin:/bin:/usr/games:/usr/local/games:/snap/bin
USERNAME=denisxs
SHELL=/bin/bash
DISPLAY=:0

Signal Handlers:
SIGSEGV: [libjvm.so+0xab92f0], sa_mask[0]=11111111011111111101111111111110, sa_flags=SA_RESTART|SA_SIGINFO
SIGBUS: [libjvm.so+0xab92f0], sa_mask[0]=11111111011111111101111111111110, sa_flags=SA_RESTART|SA_SIGINFO
SIGFPE: [libjvm.so+0x8ee560], sa_mask[0]=11111111011111111101111111111110, sa_flags=SA_RESTART|SA_SIGINFO
SIGPIPE: [libjvm.so+0x8ee560], sa_mask[0]=11111111011111111101111111111110, sa_flags=SA_RESTART|SA_SIGINFO
SIGXFSZ: [libjvm.so+0x8ee560], sa_mask[0]=11111111011111111101111111111110, sa_flags=SA_RESTART|SA_SIGINFO
SIGILL: [libjvm.so+0x8ee560], sa_mask[0]=11111111011111111101111111111110, sa_flags=SA_RESTART|SA_SIGINFO
SIGUSR1: SIG_DFL, sa_mask[0]=00000000000000000000000000000000, sa_flags=none
SIGUSR2: [libjvm.so+0x8ee410], sa_mask[0]=00100000000000000000000000000000, sa_flags=SA_RESTART|SA_SIGINFO
SIGHUP: [libjvm.so+0x8eea80], sa_mask[0]=11111111011111111101111111111110, sa_flags=SA_RESTART|SA_SIGINFO
SIGINT: [libjvm.so+0x8eea80], sa_mask[0]=11111111011111111101111111111110, sa_flags=SA_RESTART|SA_SIGINFO
SIGTERM: [libjvm.so+0x8eea80], sa_mask[0]=11111111011111111101111111111110, sa_flags=SA_RESTART|SA_SIGINFO
SIGQUIT: [libjvm.so+0x8eea80], sa_mask[0]=11111111011111111101111111111110, sa_flags=SA_RESTART|SA_SIGINFO


---------------  S Y S T E M  ---------------

OS:DISTRIB_ID=Ubuntu
DISTRIB_RELEASE=18.04
DISTRIB_CODENAME=bionic
DISTRIB_DESCRIPTION="Ubuntu 18.04.2 LTS"

uname:Linux 4.15.0-55-generic #60-Ubuntu SMP Tue Jul 2 18:22:20 UTC 2019 x86_64
libc:glibc 2.27 NPTL 2.27 
rlimit: STACK 8192k, CORE 0k, NPROC 62616, NOFILE 1048576, AS infinity
load average:1,71 1,38 0,69

/proc/meminfo:
MemTotal:       16299196 kB
MemFree:          149740 kB
MemAvailable:      14296 kB
Buffers:            1404 kB
Cached:           257080 kB
SwapCached:        87052 kB
Active:         14668552 kB
Inactive:        1247252 kB
Active(anon):   14665572 kB
Inactive(anon):  1220864 kB
Active(file):       2980 kB
Inactive(file):    26388 kB
Unevictable:          48 kB
Mlocked:              48 kB
SwapTotal:       2097148 kB
SwapFree:         340220 kB
Dirty:               120 kB
Writeback:             0 kB
AnonPages:      15581448 kB
Mapped:           145128 kB
Shmem:            228612 kB
Slab:              85600 kB
SReclaimable:      34152 kB
SUnreclaim:        51448 kB
KernelStack:        8864 kB
PageTables:        63216 kB
NFS_Unstable:          0 kB
Bounce:                0 kB
WritebackTmp:          0 kB
CommitLimit:    10246744 kB
Committed_AS:   10462048 kB
VmallocTotal:   34359738367 kB
VmallocUsed:           0 kB
VmallocChunk:          0 kB
HardwareCorrupted:     0 kB
AnonHugePages:         0 kB
ShmemHugePages:        0 kB
ShmemPmdMapped:        0 kB
CmaTotal:              0 kB
CmaFree:               0 kB
HugePages_Total:       0
HugePages_Free:        0
HugePages_Rsvd:        0
HugePages_Surp:        0
Hugepagesize:       2048 kB
DirectMap4k:      188836 kB
DirectMap2M:     7026688 kB
DirectMap1G:    10485760 kB

container (cgroup) information:
container_type: cgroupv1
cpu_cpuset_cpus: 0-3
cpu_memory_nodes: 0
active_processor_count: 4
cpu_quota: -1
cpu_period: 100000
cpu_shares: -1
memory_limit_in_bytes: -1
memory_and_swap_limit_in_bytes: -2
memory_soft_limit_in_bytes: -1
memory_usage_in_bytes: 16293453824
memory_max_usage_in_bytes: 0


CPU:total 4 (initial active 4) (4 cores per cpu, 1 threads per core) family 6 model 60 stepping 3, cmov, cx8, fxsr, mmx, sse, sse2, sse3, ssse3, sse4.1, sse4.2, popcnt, avx, avx2, aes, clmul, erms, lzcnt, tsc, tscinvbit, bmi1, bmi2

/proc/cpuinfo:
processor	: 0
vendor_id	: GenuineIntel
cpu family	: 6
model		: 60
model name	: Intel(R) Core(TM) i5-4460  CPU @ 3.20GHz
stepping	: 3
microcode	: 0x27
cpu MHz		: 2666.002
cache size	: 6144 KB
physical id	: 0
siblings	: 4
core id		: 0
cpu cores	: 4
apicid		: 0
initial apicid	: 0
fpu		: yes
fpu_exception	: yes
cpuid level	: 13
wp		: yes
flags		: fpu vme de pse tsc msr pae mce cx8 apic sep mtrr pge mca cmov pat pse36 clflush dts acpi mmx fxsr sse sse2 ss ht tm pbe syscall nx pdpe1gb rdtscp lm constant_tsc arch_perfmon pebs bts rep_good nopl xtopology nonstop_tsc cpuid aperfmperf pni pclmulqdq dtes64 monitor ds_cpl vmx est tm2 ssse3 sdbg fma cx16 xtpr pdcm pcid sse4_1 sse4_2 x2apic movbe popcnt tsc_deadline_timer aes xsave avx f16c rdrand lahf_lm abm cpuid_fault invpcid_single pti ssbd ibrs ibpb stibp tpr_shadow vnmi flexpriority ept vpid fsgsbase tsc_adjust bmi1 avx2 smep bmi2 erms invpcid xsaveopt dtherm ida arat pln pts md_clear flush_l1d
bugs		: cpu_meltdown spectre_v1 spectre_v2 spec_store_bypass l1tf mds
bogomips	: 6399.92
clflush size	: 64
cache_alignment	: 64
address sizes	: 39 bits physical, 48 bits virtual
power management:

processor	: 1
vendor_id	: GenuineIntel
cpu family	: 6
model		: 60
model name	: Intel(R) Core(TM) i5-4460  CPU @ 3.20GHz
stepping	: 3
microcode	: 0x27
cpu MHz		: 2121.460
cache size	: 6144 KB
physical id	: 0
siblings	: 4
core id		: 1
cpu cores	: 4
apicid		: 2
initial apicid	: 2
fpu		: yes
fpu_exception	: yes
cpuid level	: 13
wp		: yes
flags		: fpu vme de pse tsc msr pae mce cx8 apic sep mtrr pge mca cmov pat pse36 clflush dts acpi mmx fxsr sse sse2 ss ht tm pbe syscall nx pdpe1gb rdtscp lm constant_tsc arch_perfmon pebs bts rep_good nopl xtopology nonstop_tsc cpuid aperfmperf pni pclmulqdq dtes64 monitor ds_cpl vmx est tm2 ssse3 sdbg fma cx16 xtpr pdcm pcid sse4_1 sse4_2 x2apic movbe popcnt tsc_deadline_timer aes xsave avx f16c rdrand lahf_lm abm cpuid_fault invpcid_single pti ssbd ibrs ibpb stibp tpr_shadow vnmi flexpriority ept vpid fsgsbase tsc_adjust bmi1 avx2 smep bmi2 erms invpcid xsaveopt dtherm ida arat pln pts md_clear flush_l1d
bugs		: cpu_meltdown spectre_v1 spectre_v2 spec_store_bypass l1tf mds
bogomips	: 6399.92
clflush size	: 64
cache_alignment	: 64
address sizes	: 39 bits physical, 48 bits virtual
power management:

processor	: 2
vendor_id	: GenuineIntel
cpu family	: 6
model		: 60
model name	: Intel(R) Core(TM) i5-4460  CPU @ 3.20GHz
stepping	: 3
microcode	: 0x27
cpu MHz		: 3058.368
cache size	: 6144 KB
physical id	: 0
siblings	: 4
core id		: 2
cpu cores	: 4
apicid		: 4
initial apicid	: 4
fpu		: yes
fpu_exception	: yes
cpuid level	: 13
wp		: yes
flags		: fpu vme de pse tsc msr pae mce cx8 apic sep mtrr pge mca cmov pat pse36 clflush dts acpi mmx fxsr sse sse2 ss ht tm pbe syscall nx pdpe1gb rdtscp lm constant_tsc arch_perfmon pebs bts rep_good nopl xtopology nonstop_tsc cpuid aperfmperf pni pclmulqdq dtes64 monitor ds_cpl vmx est tm2 ssse3 sdbg fma cx16 xtpr pdcm pcid sse4_1 sse4_2 x2apic movbe popcnt tsc_deadline_timer aes xsave avx f16c rdrand lahf_lm abm cpuid_fault invpcid_single pti ssbd ibrs ibpb stibp tpr_shadow vnmi flexpriority ept vpid fsgsbase tsc_adjust bmi1 avx2 smep bmi2 erms invpcid xsaveopt dtherm ida arat pln pts md_clear flush_l1d
bugs		: cpu_meltdown spectre_v1 spectre_v2 spec_store_bypass l1tf mds
bogomips	: 6399.92
clflush size	: 64
cache_alignment	: 64
address sizes	: 39 bits physical, 48 bits virtual
power management:

processor	: 3
vendor_id	: GenuineIntel
cpu family	: 6
model		: 60
model name	: Intel(R) Core(TM) i5-4460  CPU @ 3.20GHz
stepping	: 3
microcode	: 0x27
cpu MHz		: 3395.509
cache size	: 6144 KB
physical id	: 0
siblings	: 4
core id		: 3
cpu cores	: 4
apicid		: 6
initial apicid	: 6
fpu		: yes
fpu_exception	: yes
cpuid level	: 13
wp		: yes
flags		: fpu vme de pse tsc msr pae mce cx8 apic sep mtrr pge mca cmov pat pse36 clflush dts acpi mmx fxsr sse sse2 ss ht tm pbe syscall nx pdpe1gb rdtscp lm constant_tsc arch_perfmon pebs bts rep_good nopl xtopology nonstop_tsc cpuid aperfmperf pni pclmulqdq dtes64 monitor ds_cpl vmx est tm2 ssse3 sdbg fma cx16 xtpr pdcm pcid sse4_1 sse4_2 x2apic movbe popcnt tsc_deadline_timer aes xsave avx f16c rdrand lahf_lm abm cpuid_fault invpcid_single pti ssbd ibrs ibpb stibp tpr_shadow vnmi flexpriority ept vpid fsgsbase tsc_adjust bmi1 avx2 smep bmi2 erms invpcid xsaveopt dtherm ida arat pln pts md_clear flush_l1d
bugs		: cpu_meltdown spectre_v1 spectre_v2 spec_store_bypass l1tf mds
bogomips	: 6399.92
clflush size	: 64
cache_alignment	: 64
address sizes	: 39 bits physical, 48 bits virtual
power management:



Memory: 4k page, physical 16299196k(147788k free), swap 2097148k(340220k free)

vm_info: OpenJDK 64-Bit Server VM (25.222-b10) for linux-amd64 JRE (1.8.0_222-8u222-b10-1ubuntu1~18.04.1-b10), built on Jul 18 2019 18:52:48 by "buildd" with gcc 7.4.0

time: Wed Aug  7 10:13:16 2019
timezone: EEST
elapsed time: 285 seconds (0d 0h 4m 45s)

